TN:
SF:analyzeArray.js
FN:1,analyzeArray
FN:2,(anonymous_1)
FNF:2
FNH:2
FNDA:10,analyzeArray
FNDA:24,(anonymous_1)
DA:2,24
DA:3,10
DA:4,10
DA:5,10
DA:7,10
LF:5
LH:5
BRF:0
BRH:0
end_of_record
TN:
SF:caesarCipher.js
FN:1,caesarCipher
FN:2,(anonymous_1)
FN:26,convertAsciiArrayToString
FN:28,(anonymous_3)
FNF:4
FNH:4
FNDA:6,caesarCipher
FNDA:30,(anonymous_1)
FNDA:6,convertAsciiArrayToString
FNDA:30,(anonymous_3)
DA:2,6
DA:3,30
DA:4,30
DA:9,3
DA:10,27
DA:16,3
DA:18,24
DA:20,30
DA:23,6
DA:27,6
DA:28,6
DA:29,30
DA:31,6
LF:13
LH:13
BRDA:4,0,0,3
BRDA:4,0,1,27
BRDA:5,1,0,30
BRDA:5,1,1,28
BRDA:5,1,2,14
BRDA:10,2,0,3
BRDA:10,2,1,24
BRDA:11,3,0,27
BRDA:11,3,1,24
BRDA:11,3,2,24
BRDA:11,3,3,19
BRF:11
BRH:11
end_of_record
TN:
SF:calculator.js
FN:2,(anonymous_0)
FN:5,(anonymous_1)
FN:8,(anonymous_2)
FN:11,(anonymous_3)
FNF:4
FNH:4
FNDA:3,(anonymous_0)
FNDA:3,(anonymous_1)
FNDA:3,(anonymous_2)
FNDA:3,(anonymous_3)
DA:1,1
DA:3,3
DA:6,3
DA:9,3
DA:12,3
LF:5
LH:5
BRF:0
BRH:0
end_of_record
TN:
SF:capitalize.js
FN:1,capitalize
FNF:1
FNH:1
FNDA:6,capitalize
DA:2,6
DA:3,4
LF:2
LH:2
BRDA:2,0,0,2
BRDA:2,0,1,4
BRDA:2,1,0,6
BRDA:2,1,1,5
BRF:4
BRH:4
end_of_record
TN:
SF:reverseString.js
FN:1,reverseString
FN:6,(anonymous_1)
FNF:2
FNH:2
FNDA:5,reverseString
FNDA:7,(anonymous_1)
DA:2,5
DA:4,3
DA:6,7
DA:7,3
LF:4
LH:4
BRDA:2,0,0,2
BRDA:2,0,1,3
BRDA:2,1,0,5
BRDA:2,1,1,4
BRF:4
BRH:4
end_of_record
TN:
SF:sum.js
FN:1,sum
FNF:1
FNH:1
FNDA:1,sum
DA:2,1
DA:5,1
LF:2
LH:2
BRF:0
BRH:0
end_of_record
